Warning: TTY mode requires /dev/tty to be read/writable.

  [30;42;1m PASS [39;49;22m[39m Tests\Feature\SecurityHardeningTest[39m
  [32;1m✓[39;22m[39m [2mphpinfo route not available outside local environment[22m[39m
  [32;1m✓[39;22m[39m [2madmin kitab stats requires authentication[22m[39m
  [32;1m✓[39;22m[39m [2mnon admin user cannot access admin kitab stats[22m[39m
  [32;1m✓[39;22m[39m [2mnotifications unread count requires authentication[22m[39m

  [37;1mTests:  [39;22m[32;1m4 passed[39;22m
  [37;1mTime:   [39;22m[39m0.20s[39m

Warning: TTY mode requires /dev/tty to be read/writable.

  [30;42;1m PASS [39;49;22m[39m Tests\Feature\ApiContractLockTest[39m
  [32;1m✓[39;22m[39m [2mopenapi documented paths exist in v1 routes[22m[39m
  [32;1m✓[39;22m[39m [2munversioned api routes must be in legacy allowlist[22m[39m

  [37;1mTests:  [39;22m[32;1m2 passed[39;22m
  [37;1mTime:   [39;22m[39m0.12s[39m

Warning: TTY mode requires /dev/tty to be read/writable.

  [30;42;1m PASS [39;49;22m[39m Tests\Feature\WebAjaxJsonErrorContractTest[39m
  [32;1m✓[39;22m[39m [2majax runtime exception returns json contract[22m[39m
  [32;1m✓[39;22m[39m [2majax method not allowed returns json contract[22m[39m
  [32;1m✓[39;22m[39m [2majax token mismatch exception returns json contract[22m[39m
  [32;1m✓[39;22m[39m [2majax admin update without auth returns json not html redirect[22m[39m

  [37;1mTests:  [39;22m[32;1m4 passed[39;22m
  [37;1mTime:   [39;22m[39m0.18s[39m

> Task :app:preBuild UP-TO-DATE
> Task :app:preDebugBuild UP-TO-DATE
> Task :app:checkKotlinGradlePluginConfigurationErrors SKIPPED
> Task :app:dataBindingMergeDependencyArtifactsDebug UP-TO-DATE
> Task :app:generateDebugResValues UP-TO-DATE
> Task :app:generateDebugResources UP-TO-DATE
> Task :app:injectCrashlyticsMappingFileIdDebug UP-TO-DATE
> Task :app:processDebugGoogleServices UP-TO-DATE
> Task :app:mergeDebugResources UP-TO-DATE
> Task :app:packageDebugResources UP-TO-DATE
> Task :app:parseDebugLocalResources UP-TO-DATE
> Task :app:dataBindingGenBaseClassesDebug UP-TO-DATE
> Task :app:generateDebugBuildConfig UP-TO-DATE
> Task :app:checkDebugAarMetadata UP-TO-DATE
> Task :app:mapDebugSourceSetPaths UP-TO-DATE
> Task :app:createDebugCompatibleScreenManifests UP-TO-DATE
> Task :app:extractDeepLinksDebug UP-TO-DATE
> Task :app:processDebugMainManifest UP-TO-DATE
> Task :app:processDebugManifest UP-TO-DATE
> Task :app:processDebugManifestForPackage UP-TO-DATE
> Task :app:processDebugResources UP-TO-DATE
> Task :app:kspDebugKotlin UP-TO-DATE
> Task :app:compileDebugKotlin UP-TO-DATE
> Task :app:javaPreCompileDebug UP-TO-DATE
> Task :app:compileDebugJavaWithJavac UP-TO-DATE
> Task :app:hiltAggregateDepsDebug UP-TO-DATE
> Task :app:hiltJavaCompileDebug UP-TO-DATE
> Task :app:transformDebugClassesWithAsm UP-TO-DATE
> Task :app:bundleDebugClassesToRuntimeJar UP-TO-DATE
> Task :app:preDebugUnitTestBuild UP-TO-DATE
> Task :app:processDebugJavaRes UP-TO-DATE
> Task :app:bundleDebugClassesToCompileJar UP-TO-DATE
> Task :app:kspDebugUnitTestKotlin UP-TO-DATE
> Task :app:compileDebugUnitTestKotlin UP-TO-DATE
> Task :app:javaPreCompileDebugUnitTest UP-TO-DATE
> Task :app:compileDebugUnitTestJavaWithJavac NO-SOURCE
> Task :app:hiltAggregateDepsDebugUnitTest UP-TO-DATE
> Task :app:hiltJavaCompileDebugUnitTest NO-SOURCE
> Task :app:processDebugUnitTestJavaRes UP-TO-DATE
> Task :app:transformDebugUnitTestClassesWithAsm UP-TO-DATE
> Task :app:testDebugUnitTest UP-TO-DATE

BUILD SUCCESSFUL in 2s
35 actionable tasks: 35 up-to-date
